# JRE version: OpenJDK Runtime Environment (8.0_242-b08) (build 1.8.0_242-b08)
# Java VM: OpenJDK 64-Bit Server VM (25.242-b08 mixed mode linux-amd64 compressed oops)
Heap:
 PSYoungGen      total 446464K, used 249827K [0x00000000d7200000, 0x0000000100000000, 0x0000000100000000)
  eden space 223232K, 29% used [0x00000000d7200000,0x00000000db304438,0x00000000e4c00000)
  from space 223232K, 82% used [0x00000000e4c00000,0x00000000efef47d8,0x00000000f2600000)
  to   space 223232K, 0% used [0x00000000f2600000,0x00000000f2600000,0x0000000100000000)
 ParOldGen       total 549376K, used 454786K [0x0000000085600000, 0x00000000a6e80000, 0x00000000d7200000)
  object space 549376K, 82% used [0x0000000085600000,0x00000000a1220988,0x00000000a6e80000)
 Metaspace       used 84081K, capacity 93420K, committed 93696K, reserved 1128448K
  class space    used 11645K, capacity 14002K, committed 14080K, reserved 1048576K
GC Heap History (10 events):
Event: 99,603 GC heap before
{Heap before GC invocations=93 (full 6):
 PSYoungGen      total 453632K, used 410432K [0x00000000d7200000, 0x0000000100000000, 0x0000000100000000)
  eden space 272384K, 100% used [0x00000000d7200000,0x00000000e7c00000,0x00000000e7c00000)
  from space 181248K, 76% used [0x00000000f4f00000,0x00000000fd5d0338,0x0000000100000000)
  to   space 198656K, 0% used [0x00000000e7c00000,0x00000000e7c00000,0x00000000f3e00000)
 ParOldGen       total 549376K, used 449278K [0x0000000085600000, 0x00000000a6e80000, 0x00000000d7200000)
  object space 549376K, 81% used [0x0000000085600000,0x00000000a0cbfae8,0x00000000a6e80000)
 Metaspace       used 75330K, capacity 83312K, committed 83584K, reserved 1120256K
  class space    used 10470K, capacity 12546K, committed 12672K, reserved 1048576K
Event: 99,790 GC heap after
Heap after GC invocations=93 (full 6):
 PSYoungGen      total 426496K, used 154051K [0x00000000d7200000, 0x0000000100000000, 0x0000000100000000)
  eden space 272384K, 0% used [0x00000000d7200000,0x00000000d7200000,0x00000000e7c00000)
  from space 154112K, 99% used [0x00000000e7c00000,0x00000000f1270ff8,0x00000000f1280000)
  to   space 218112K, 0% used [0x00000000f2b00000,0x00000000f2b00000,0x0000000100000000)
 ParOldGen       total 549376K, used 449286K [0x0000000085600000, 0x00000000a6e80000, 0x00000000d7200000)
  object space 549376K, 81% used [0x0000000085600000,0x00000000a0cc1ae8,0x00000000a6e80000)
 Metaspace       used 75330K, capacity 83312K, committed 83584K, reserved 1120256K
  class space    used 10470K, capacity 12546K, committed 12672K, reserved 1048576K
}
Event: 102,414 GC heap before
{Heap before GC invocations=94 (full 6):
 PSYoungGen      total 426496K, used 426435K [0x00000000d7200000, 0x0000000100000000, 0x0000000100000000)
  eden space 272384K, 100% used [0x00000000d7200000,0x00000000e7c00000,0x00000000e7c00000)
  from space 154112K, 99% used [0x00000000e7c00000,0x00000000f1270ff8,0x00000000f1280000)
  to   space 218112K, 0% used [0x00000000f2b00000,0x00000000f2b00000,0x0000000100000000)
 ParOldGen       total 549376K, used 449286K [0x0000000085600000, 0x00000000a6e80000, 0x00000000d7200000)
  object space 549376K, 81% used [0x0000000085600000,0x00000000a0cc1ae8,0x00000000a6e80000)
 Metaspace       used 77022K, capacity 85384K, committed 85632K, reserved 1122304K
  class space    used 10675K, capacity 12830K, committed 12928K, reserved 1048576K
Event: 102,610 GC heap after
Heap after GC invocations=94 (full 6):
 PSYoungGen      total 442368K, used 126438K [0x00000000d7200000, 0x0000000100000000, 0x0000000100000000)
  eden space 224256K, 0% used [0x00000000d7200000,0x00000000d7200000,0x00000000e4d00000)
  from space 218112K, 57% used [0x00000000f2b00000,0x00000000fa6798a8,0x0000000100000000)
  to   space 222720K, 0% used [0x00000000e4d00000,0x00000000e4d00000,0x00000000f2680000)
 ParOldGen       total 549376K, used 449294K [0x0000000085600000, 0x00000000a6e80000, 0x00000000d7200000)
  object space 549376K, 81% used [0x0000000085600000,0x00000000a0cc3ae8,0x00000000a6e80000)
 Metaspace       used 77022K, capacity 85384K, committed 85632K, reserved 1122304K
  class space    used 10675K, capacity 12830K, committed 12928K, reserved 1048576K
}
Event: 110,731 GC heap before
{Heap before GC invocations=95 (full 6):
 PSYoungGen      total 442368K, used 350694K [0x00000000d7200000, 0x0000000100000000, 0x0000000100000000)
  eden space 224256K, 100% used [0x00000000d7200000,0x00000000e4d00000,0x00000000e4d00000)
  from space 218112K, 57% used [0x00000000f2b00000,0x00000000fa6798a8,0x0000000100000000)
  to   space 222720K, 0% used [0x00000000e4d00000,0x00000000e4d00000,0x00000000f2680000)
 ParOldGen       total 549376K, used 449294K [0x0000000085600000, 0x00000000a6e80000, 0x00000000d7200000)
  object space 549376K, 81% used [0x0000000085600000,0x00000000a0cc3ae8,0x00000000a6e80000)
 Metaspace       used 77956K, capacity 86588K, committed 86784K, reserved 1122304K
  class space    used 10765K, capacity 12950K, committed 13056K, reserved 1048576K
Event: 110,844 GC heap after
Heap after GC invocations=95 (full 6):
 PSYoungGen      total 328704K, used 104086K [0x00000000d7200000, 0x00000000ffa80000, 0x0000000100000000)
  eden space 224256K, 0% used [0x00000000d7200000,0x00000000d7200000,0x00000000e4d00000)
  from space 104448K, 99% used [0x00000000e4d00000,0x00000000eb2a5928,0x00000000eb300000)
  to   space 217600K, 0% used [0x00000000f2600000,0x00000000f2600000,0x00000000ffa80000)
 ParOldGen       total 549376K, used 449302K [0x0000000085600000, 0x00000000a6e80000, 0x00000000d7200000)
  object space 549376K, 81% used [0x0000000085600000,0x00000000a0cc5ae8,0x00000000a6e80000)
 Metaspace       used 77956K, capacity 86588K, committed 86784K, reserved 1122304K
  class space    used 10765K, capacity 12950K, committed 13056K, reserved 1048576K
}
Event: 114,597 GC heap before
{Heap before GC invocations=96 (full 6):
 PSYoungGen      total 328704K, used 328342K [0x00000000d7200000, 0x00000000ffa80000, 0x0000000100000000)
  eden space 224256K, 100% used [0x00000000d7200000,0x00000000e4d00000,0x00000000e4d00000)
  from space 104448K, 99% used [0x00000000e4d00000,0x00000000eb2a5928,0x00000000eb300000)
  to   space 217600K, 0% used [0x00000000f2600000,0x00000000f2600000,0x00000000ffa80000)
 ParOldGen       total 549376K, used 449311K [0x0000000085600000, 0x00000000a6e80000, 0x00000000d7200000)
  object space 549376K, 81% used [0x0000000085600000,0x00000000a0cc7dd0,0x00000000a6e80000)
 Metaspace       used 82617K, capacity 91648K, committed 91776K, reserved 1128448K
  class space    used 11384K, capacity 13644K, committed 13696K, reserved 1048576K
Event: 114,776 GC heap after
Heap after GC invocations=96 (full 6):
 PSYoungGen      total 440832K, used 143618K [0x00000000d7200000, 0x0000000100000000, 0x0000000100000000)
  eden space 223232K, 0% used [0x00000000d7200000,0x00000000d7200000,0x00000000e4c00000)
  from space 217600K, 66% used [0x00000000f2600000,0x00000000fb240a00,0x00000000ffa80000)
  to   space 223232K, 0% used [0x00000000e4c00000,0x00000000e4c00000,0x00000000f2600000)
 ParOldGen       total 549376K, used 449319K [0x0000000085600000, 0x00000000a6e80000, 0x00000000d7200000)
  object space 549376K, 81% used [0x0000000085600000,0x00000000a0cc9dd0,0x00000000a6e80000)
 Metaspace       used 82617K, capacity 91648K, committed 91776K, reserved 1128448K
  class space    used 11384K, capacity 13644K, committed 13696K, reserved 1048576K
}
Event: 115,843 GC heap before
{Heap before GC invocations=97 (full 6):
 PSYoungGen      total 440832K, used 366850K [0x00000000d7200000, 0x0000000100000000, 0x0000000100000000)
  eden space 223232K, 100% used [0x00000000d7200000,0x00000000e4c00000,0x00000000e4c00000)
  from space 217600K, 66% used [0x00000000f2600000,0x00000000fb240a00,0x00000000ffa80000)
  to   space 223232K, 0% used [0x00000000e4c00000,0x00000000e4c00000,0x00000000f2600000)
 ParOldGen       total 549376K, used 449519K [0x0000000085600000, 0x00000000a6e80000, 0x00000000d7200000)
  object space 549376K, 81% used [0x0000000085600000,0x00000000a0cfbfc0,0x00000000a6e80000)
 Metaspace       used 83578K, capacity 92722K, committed 93056K, reserved 1128448K
  class space    used 11544K, capacity 13873K, committed 13952K, reserved 1048576K
Event: 116,078 GC heap after
Heap after GC invocations=97 (full 6):
 PSYoungGen      total 446464K, used 183249K [0x00000000d7200000, 0x0000000100000000, 0x0000000100000000)
  eden space 223232K, 0% used [0x00000000d7200000,0x00000000d7200000,0x00000000e4c00000)
  from space 223232K, 82% used [0x00000000e4c00000,0x00000000efef47d8,0x00000000f2600000)
  to   space 223232K, 0% used [0x00000000f2600000,0x00000000f2600000,0x0000000100000000)
 ParOldGen       total 549376K, used 454786K [0x0000000085600000, 0x00000000a6e80000, 0x00000000d7200000)
  object space 549376K, 82% used [0x0000000085600000,0x00000000a1220988,0x00000000a6e80000)
 Metaspace       used 83578K, capacity 92722K, committed 93056K, reserved 1128448K
  class space    used 11544K, capacity 13873K, committed 13952K, reserved 1048576K
}

